<?xml version="1.0" encoding="UTF-8"?>
<!-- Generated by org.testng.reporters.JUnitReportReporter -->
<testsuite hostname="Amar-PC" name="MavenTestCases.TestClass2" tests="1" failures="0" timestamp="27 Nov 2015 11:26:34 GMT" time="0.011" errors="0">
  <testcase name="MyTestThree" time="0.011" classname="MavenTestCases.TestClass2"/>
</testsuite> <!-- MavenTestCases.TestClass2 -->
